
No_Login_dms_api_attachment_preview_pdf_download.py::test_start[0] 
-------------------------------- live log call ---------------------------------
INFO     root:No_Login_dms_api_attachment_preview_pdf_download.py:16 Trying -> /dms/api/attachment/preview/pdf/download
INFO     root:waiter.py:26 Waiting rest response to be changed...
INFO     root:waiter.py:26 Waiting rest response to be changed...
INFO     root:waiter.py:26 Waiting rest response to be changed...
FAILED

=================================== FAILURES ===================================
________________________________ test_start[0] _________________________________

debugLevel = '0'

    @allure.title("No login _dms_api_attachment_preview_pdf_download method check")
    def test_start(debugLevel):
        debugEnable(int(debugLevel))
        link = "/dms/api/attachment/preview/pdf/download"
        host = getFromConfig("host")
        logging.info("Trying -> " + link)
        request0 = waitGetResponseToBeChanged("http://" + host + link, "data")
        try:
>           request = waitGetResponseToBeChanged("http://" + host + link, "data").split('"message":"')[1].split('"')[0]
E           IndexError: list index out of range

No_Login_dms_api_attachment_preview_pdf_download.py:19: IndexError

During handling of the above exception, another exception occurred:

debugLevel = '0'

    @allure.title("No login _dms_api_attachment_preview_pdf_download method check")
    def test_start(debugLevel):
        debugEnable(int(debugLevel))
        link = "/dms/api/attachment/preview/pdf/download"
        host = getFromConfig("host")
        logging.info("Trying -> " + link)
        request0 = waitGetResponseToBeChanged("http://" + host + link, "data")
        try:
            request = waitGetResponseToBeChanged("http://" + host + link, "data").split('"message":"')[1].split('"')[0]
        except:
>           request = waitGetResponseToBeChanged("http://" + host + link, "data").split('"message": "')[1].split('"')[0]
E           IndexError: list index out of range

No_Login_dms_api_attachment_preview_pdf_download.py:21: IndexError
------------------------------ Captured log call -------------------------------
INFO     root:No_Login_dms_api_attachment_preview_pdf_download.py:16 Trying -> /dms/api/attachment/preview/pdf/download
INFO     root:waiter.py:26 Waiting rest response to be changed...
INFO     root:waiter.py:26 Waiting rest response to be changed...
INFO     root:waiter.py:26 Waiting rest response to be changed...
=========================== short test summary info ============================
FAILED No_Login_dms_api_attachment_preview_pdf_download.py::test_start[0] - I...
========================= 1 failed in 70.02s (0:01:10) =========================
